****************************************START********************************************
Scenario1
StartTime:6:40:09 AM
RDP Connection:- NO

-----Test Passed-----

EndTime:6:42:58 AM
 
*****************************************END********************************************123*****************************************START********************************************
Scenario1
StartTime:6:57:31 AM

-----Time Out!-----
----Test Failed----
EndTime:7:02:52 AM
 
*****************************************END*********************************************
****************************************START********************************************
Scenario1
StartTime:8:19:59 AM
RDP Connection:- NO

-----Test Passed-----

EndTime:8:31:46 AM
 
*****************************************END********************************************123*